<?xml version="1.0" encoding="UTF-8"?>
<testsuite name="application.MoonRoverApplicationIntegrationTest" tests="6" skipped="0" failures="0" errors="0" timestamp="2023-06-21T15:28:39" hostname="DESKTOP-DCCFRV4" time="1.581">
  <properties/>
  <testcase name="when_roverPlacedOffTable_then_expectationFailed()" classname="application.MoonRoverApplicationIntegrationTest" time="1.395"/>
  <testcase name="when_roverGetBeforePlace_then_notFound()" classname="application.MoonRoverApplicationIntegrationTest" time="0.011"/>
  <testcase name="when_roverMakesMovementWithRotation_then_roverUpdatesLocation()" classname="application.MoonRoverApplicationIntegrationTest" time="0.11"/>
  <testcase name="when_roverTurnBeforePlace_then_notFound()" classname="application.MoonRoverApplicationIntegrationTest" time="0.013"/>
  <testcase name="when_roverMovementBeforePlace_then_notFound()" classname="application.MoonRoverApplicationIntegrationTest" time="0.016"/>
  <testcase name="when_roverMovementOffTable_then_roverStays()" classname="application.MoonRoverApplicationIntegrationTest" time="0.023"/>
  <system-out><![CDATA[17:28:35.422 [Test worker] DEBUG org.springframework.test.context.BootstrapUtils - Instantiating CacheAwareContextLoaderDelegate from class [org.springframework.test.context.cache.DefaultCacheAwareContextLoaderDelegate]
17:28:35.436 [Test worker] DEBUG org.springframework.test.context.BootstrapUtils - Instantiating BootstrapContext using constructor [public org.springframework.test.context.support.DefaultBootstrapContext(java.lang.Class,org.springframework.test.context.CacheAwareContextLoaderDelegate)]
17:28:35.505 [Test worker] DEBUG org.springframework.test.context.BootstrapUtils - Instantiating TestContextBootstrapper for test class [application.MoonRoverApplicationIntegrationTest] from class [org.springframework.boot.test.context.SpringBootTestContextBootstrapper]
17:28:35.521 [Test worker] INFO org.springframework.boot.test.context.SpringBootTestContextBootstrapper - Neither @ContextConfiguration nor @ContextHierarchy found for test class [application.MoonRoverApplicationIntegrationTest], using SpringBootContextLoader
17:28:35.534 [Test worker] DEBUG org.springframework.test.context.support.AbstractContextLoader - Did not detect default resource location for test class [application.MoonRoverApplicationIntegrationTest]: class path resource [application/MoonRoverApplicationIntegrationTest-context.xml] does not exist
17:28:35.535 [Test worker] DEBUG org.springframework.test.context.support.AbstractContextLoader - Did not detect default resource location for test class [application.MoonRoverApplicationIntegrationTest]: class path resource [application/MoonRoverApplicationIntegrationTestContext.groovy] does not exist
17:28:35.536 [Test worker] INFO org.springframework.test.context.support.AbstractContextLoader - Could not detect default resource locations for test class [application.MoonRoverApplicationIntegrationTest]: no resource found for suffixes {-context.xml, Context.groovy}.
17:28:35.537 [Test worker] INFO org.springframework.test.context.support.AnnotationConfigContextLoaderUtils - Could not detect default configuration classes for test class [application.MoonRoverApplicationIntegrationTest]: MoonRoverApplicationIntegrationTest does not declare any static, non-private, non-final, nested classes annotated with @Configuration.
17:28:35.636 [Test worker] DEBUG org.springframework.test.context.support.ActiveProfilesUtils - Could not find an 'annotation declaring class' for annotation type [org.springframework.test.context.ActiveProfiles] and class [application.MoonRoverApplicationIntegrationTest]
17:28:35.749 [Test worker] DEBUG org.springframework.context.annotation.ClassPathScanningCandidateComponentProvider - Identified candidate component class: file [C:\Users\jacar\workplace\ice-code-challenge\build\classes\java\main\application\MoonRoverApplication.class]
17:28:35.752 [Test worker] INFO org.springframework.boot.test.context.SpringBootTestContextBootstrapper - Found @SpringBootConfiguration application.MoonRoverApplication for test class application.MoonRoverApplicationIntegrationTest
17:28:35.919 [Test worker] DEBUG org.springframework.boot.test.context.SpringBootTestContextBootstrapper - @TestExecutionListeners is not present for class [application.MoonRoverApplicationIntegrationTest]: using defaults.
17:28:35.919 [Test worker] INFO org.springframework.boot.test.context.SpringBootTestContextBootstrapper - Loaded default TestExecutionListener class names from location [META-INF/spring.factories]: [org.springframework.boot.test.autoconfigure.restdocs.RestDocsTestExecutionListener, org.springframework.boot.test.autoconfigure.web.client.MockRestServiceServerResetTestExecutionListener, org.springframework.boot.test.autoconfigure.web.servlet.MockMvcPrintOnlyOnFailureTestExecutionListener, org.springframework.boot.test.autoconfigure.web.servlet.WebDriverTestExecutionListener, org.springframework.boot.test.autoconfigure.webservices.client.MockWebServiceServerTestExecutionListener, org.springframework.boot.test.mock.mockito.MockitoTestExecutionListener, org.springframework.boot.test.mock.mockito.ResetMocksTestExecutionListener, org.springframework.test.context.web.ServletTestExecutionListener, org.springframework.test.context.support.DirtiesContextBeforeModesTestExecutionListener, org.springframework.test.context.event.ApplicationEventsTestExecutionListener, org.springframework.test.context.support.DependencyInjectionTestExecutionListener, org.springframework.test.context.support.DirtiesContextTestExecutionListener, org.springframework.test.context.transaction.TransactionalTestExecutionListener, org.springframework.test.context.jdbc.SqlScriptsTestExecutionListener, org.springframework.test.context.event.EventPublishingTestExecutionListener]
17:28:35.935 [Test worker] DEBUG org.springframework.boot.test.context.SpringBootTestContextBootstrapper - Skipping candidate TestExecutionListener [org.springframework.test.context.transaction.TransactionalTestExecutionListener] due to a missing dependency. Specify custom listener classes or make the default listener classes and their required dependencies available. Offending class: [org/springframework/transaction/interceptor/TransactionAttributeSource]
17:28:35.936 [Test worker] DEBUG org.springframework.boot.test.context.SpringBootTestContextBootstrapper - Skipping candidate TestExecutionListener [org.springframework.test.context.jdbc.SqlScriptsTestExecutionListener] due to a missing dependency. Specify custom listener classes or make the default listener classes and their required dependencies available. Offending class: [org/springframework/transaction/interceptor/TransactionAttribute]
17:28:35.937 [Test worker] INFO org.springframework.boot.test.context.SpringBootTestContextBootstrapper - Using TestExecutionListeners: [org.springframework.test.context.web.ServletTestExecutionListener@1a81859b, org.springframework.test.context.support.DirtiesContextBeforeModesTestExecutionListener@5baf6923, org.springframework.test.context.event.ApplicationEventsTestExecutionListener@41225187, org.springframework.boot.test.mock.mockito.MockitoTestExecutionListener@68c3c14d, org.springframework.boot.test.autoconfigure.SpringBootDependencyInjectionTestExecutionListener@7ef82c93, org.springframework.test.context.support.DirtiesContextTestExecutionListener@5ebeb41e, org.springframework.test.context.event.EventPublishingTestExecutionListener@dc36827, org.springframework.boot.test.autoconfigure.restdocs.RestDocsTestExecutionListener@7bfc097b, org.springframework.boot.test.autoconfigure.web.client.MockRestServiceServerResetTestExecutionListener@44df3e23, org.springframework.boot.test.autoconfigure.web.servlet.MockMvcPrintOnlyOnFailureTestExecutionListener@6fea6ce2, org.springframework.boot.test.autoconfigure.web.servlet.WebDriverTestExecutionListener@797eb368, org.springframework.boot.test.autoconfigure.webservices.client.MockWebServiceServerTestExecutionListener@62d2daed, org.springframework.boot.test.mock.mockito.ResetMocksTestExecutionListener@5f41deb2]
17:28:35.942 [Test worker] DEBUG org.springframework.test.context.support.AbstractDirtiesContextTestExecutionListener - Before test class: context [DefaultTestContext@4f46fd7c testClass = MoonRoverApplicationIntegrationTest, testInstance = [null], testMethod = [null], testException = [null], mergedContextConfiguration = [WebMergedContextConfiguration@3ae01f38 testClass = MoonRoverApplicationIntegrationTest, locations = '{}', classes = '{class application.MoonRoverApplication}', contextInitializerClasses = '[]', activeProfiles = '{}', propertySourceLocations = '{}', propertySourceProperties = '{org.springframework.boot.test.context.SpringBootTestContextBootstrapper=true}', contextCustomizers = set[org.springframework.boot.test.autoconfigure.actuate.metrics.MetricsExportContextCustomizerFactory$DisableMetricExportContextCustomizer@20591496, org.springframework.boot.test.autoconfigure.properties.PropertyMappingContextCustomizer@4b3fa0b3, org.springframework.boot.test.autoconfigure.web.servlet.WebDriverContextCustomizerFactory$Customizer@63c88594, [ImportsContextCustomizer@e210e90 key = [org.springframework.boot.test.autoconfigure.web.servlet.MockMvcAutoConfiguration, org.springframework.boot.test.autoconfigure.web.servlet.MockMvcWebClientAutoConfiguration, org.springframework.boot.test.autoconfigure.web.servlet.MockMvcWebDriverAutoConfiguration, org.springframework.boot.autoconfigure.security.oauth2.client.servlet.OAuth2ClientAutoConfiguration, org.springframework.boot.autoconfigure.security.oauth2.resource.servlet.OAuth2ResourceServerAutoConfiguration, org.springframework.boot.autoconfigure.security.servlet.SecurityAutoConfiguration, org.springframework.boot.autoconfigure.security.servlet.SecurityFilterAutoConfiguration, org.springframework.boot.autoconfigure.security.servlet.UserDetailsServiceAutoConfiguration, org.springframework.boot.test.autoconfigure.web.servlet.MockMvcSecurityConfiguration, org.springframework.boot.test.autoconfigure.web.reactive.WebTestClientAutoConfiguration]], org.springframework.boot.test.context.filter.ExcludeFilterContextCustomizer@2fc2dc48, org.springframework.boot.test.json.DuplicateJsonObjectContextCustomizerFactory$DuplicateJsonObjectContextCustomizer@52103f2c, org.springframework.boot.test.mock.mockito.MockitoContextCustomizer@0, org.springframework.boot.test.web.client.TestRestTemplateContextCustomizer@62a40ca, org.springframework.boot.test.context.SpringBootTestArgs@1, org.springframework.boot.test.context.SpringBootTestWebEnvironment@f314788], resourceBasePath = 'src/main/webapp', contextLoader = 'org.springframework.boot.test.context.SpringBootContextLoader', parent = [null]], attributes = map['org.springframework.test.context.web.ServletTestExecutionListener.activateListener' -> true]], class annotated with @DirtiesContext [false] with mode [null].

  .   ____          _            __ _ _
 /\\ / ___'_ __ _ _(_)_ __  __ _ \ \ \ \
( ( )\___ | '_ | '_| | '_ \/ _` | \ \ \ \
 \\/  ___)| |_)| | | | | || (_| |  ) ) ) )
  '  |____| .__|_| |_|_| |_\__, | / / / /
 =========|_|==============|___/=/_/_/_/
 :: Spring Boot ::               (v2.7.12)

2023-06-21 17:28:36.679  INFO 18304 --- [    Test worker] a.MoonRoverApplicationIntegrationTest    : Starting MoonRoverApplicationIntegrationTest using Java 15.0.2 on DESKTOP-DCCFRV4 with PID 18304 (started by jacar in C:\Users\jacar\workplace\ice-code-challenge)
2023-06-21 17:28:36.681  INFO 18304 --- [    Test worker] a.MoonRoverApplicationIntegrationTest    : No active profile set, falling back to 1 default profile: "default"
2023-06-21 17:28:39.343  INFO 18304 --- [    Test worker] o.s.b.t.m.w.SpringBootMockServletContext : Initializing Spring TestDispatcherServlet ''
2023-06-21 17:28:39.343  INFO 18304 --- [    Test worker] o.s.t.web.servlet.TestDispatcherServlet  : Initializing Servlet ''
2023-06-21 17:28:39.344  INFO 18304 --- [    Test worker] o.s.t.web.servlet.TestDispatcherServlet  : Completed initialization in 1 ms
2023-06-21 17:28:39.392  INFO 18304 --- [    Test worker] a.MoonRoverApplicationIntegrationTest    : Started MoonRoverApplicationIntegrationTest in 3.136 seconds (JVM running for 5.34)
2023-06-21 17:28:40.750  INFO 18304 --- [    Test worker] application.MoonRoverApplication         : Delete rover call started
2023-06-21 17:28:40.751  INFO 18304 --- [    Test worker] application.MoonRoverApplication         : Successful delete rover call
2023-06-21 17:28:40.802  INFO 18304 --- [    Test worker] application.MoonRoverApplication         : Place rover call started with details x:-1, y:0, direction:WEST
2023-06-21 17:28:40.802 ERROR 18304 --- [    Test worker] application.MoonRoverApplication         : Rover was placed off tabletop in location:x:-1, y:0
2023-06-21 17:28:40.844  INFO 18304 --- [    Test worker] application.MoonRoverApplication         : Delete rover call started
2023-06-21 17:28:40.844  INFO 18304 --- [    Test worker] application.MoonRoverApplication         : Successful delete rover call
2023-06-21 17:28:40.847  INFO 18304 --- [    Test worker] application.MoonRoverApplication         : Get rover call started
2023-06-21 17:28:40.847 ERROR 18304 --- [    Test worker] application.MoonRoverApplication         : No rover available to report
2023-06-21 17:28:40.854  INFO 18304 --- [    Test worker] application.MoonRoverApplication         : Delete rover call started
2023-06-21 17:28:40.854  INFO 18304 --- [    Test worker] application.MoonRoverApplication         : Successful delete rover call
2023-06-21 17:28:40.860  INFO 18304 --- [    Test worker] application.MoonRoverApplication         : Place rover call started with details x:0, y:3, direction:WEST
2023-06-21 17:28:40.861  INFO 18304 --- [    Test worker] application.MoonRoverApplication         : Successful place rover call with location x:0, y:3, direction:WEST
2023-06-21 17:28:40.872  INFO 18304 --- [    Test worker] application.MoonRoverApplication         : Turn rover call started with rotation:LEFT
2023-06-21 17:28:40.875  INFO 18304 --- [    Test worker] models.Rover                             : New direction: SOUTH calculated from rotation: LEFT
2023-06-21 17:28:40.876  INFO 18304 --- [    Test worker] application.MoonRoverApplication         : Successful turn rover call with rotation:LEFT
2023-06-21 17:28:40.881  INFO 18304 --- [    Test worker] application.MoonRoverApplication         : Move rover call started
2023-06-21 17:28:40.881  INFO 18304 --- [    Test worker] models.Rover                             : Moving rover to newLocation: x:0, y:2
2023-06-21 17:28:40.882  INFO 18304 --- [    Test worker] application.MoonRoverApplication         : Successful move rover call
2023-06-21 17:28:40.884  INFO 18304 --- [    Test worker] application.MoonRoverApplication         : Get rover call started
2023-06-21 17:28:40.885  INFO 18304 --- [    Test worker] application.MoonRoverApplication         : Successful get rover call
2023-06-21 17:28:40.967  INFO 18304 --- [    Test worker] application.MoonRoverApplication         : Delete rover call started
2023-06-21 17:28:40.967  INFO 18304 --- [    Test worker] application.MoonRoverApplication         : Successful delete rover call
2023-06-21 17:28:40.972  INFO 18304 --- [    Test worker] application.MoonRoverApplication         : Turn rover call started with rotation:LEFT
2023-06-21 17:28:40.972 ERROR 18304 --- [    Test worker] application.MoonRoverApplication         : No rover available to turn
2023-06-21 17:28:40.980  INFO 18304 --- [    Test worker] application.MoonRoverApplication         : Delete rover call started
2023-06-21 17:28:40.981  INFO 18304 --- [    Test worker] application.MoonRoverApplication         : Successful delete rover call
2023-06-21 17:28:40.991  INFO 18304 --- [    Test worker] application.MoonRoverApplication         : Move rover call started
2023-06-21 17:28:40.991 ERROR 18304 --- [    Test worker] application.MoonRoverApplication         : No rover available to move
2023-06-21 17:28:40.998  INFO 18304 --- [    Test worker] application.MoonRoverApplication         : Delete rover call started
2023-06-21 17:28:40.998  INFO 18304 --- [    Test worker] application.MoonRoverApplication         : Successful delete rover call
2023-06-21 17:28:41.000  INFO 18304 --- [    Test worker] application.MoonRoverApplication         : Place rover call started with details x:0, y:3, direction:WEST
2023-06-21 17:28:41.001  INFO 18304 --- [    Test worker] application.MoonRoverApplication         : Successful place rover call with location x:0, y:3, direction:WEST
2023-06-21 17:28:41.005  INFO 18304 --- [    Test worker] application.MoonRoverApplication         : Get rover call started
2023-06-21 17:28:41.005  INFO 18304 --- [    Test worker] application.MoonRoverApplication         : Successful get rover call
2023-06-21 17:28:41.012  INFO 18304 --- [    Test worker] application.MoonRoverApplication         : Move rover call started
2023-06-21 17:28:41.013  WARN 18304 --- [    Test worker] models.Rover                             : Movement to newLocation: x:-1, y:3 is invalid
2023-06-21 17:28:41.014  INFO 18304 --- [    Test worker] application.MoonRoverApplication         : Successful move rover call
2023-06-21 17:28:41.017  INFO 18304 --- [    Test worker] application.MoonRoverApplication         : Get rover call started
2023-06-21 17:28:41.017  INFO 18304 --- [    Test worker] application.MoonRoverApplication         : Successful get rover call
]]></system-out>
  <system-err><![CDATA[]]></system-err>
</testsuite>
