<?xml version="1.0" encoding="UTF-8"?>
<testsuite name="models.CoordinateTest" tests="3" skipped="0" failures="0" errors="0" timestamp="2023-06-21T15:28:41" hostname="DESKTOP-DCCFRV4" time="0.01">
  <properties/>
  <testcase name="when_coordinatesDifferentValues_then_notEquals()" classname="models.CoordinateTest" time="0.001"/>
  <testcase name="when_addTwoCoordinates_then_validateResult()" classname="models.CoordinateTest" time="0.002"/>
  <testcase name="when_coordinatesSameValues_then_equals()" classname="models.CoordinateTest" time="0.003"/>
  <system-out><![CDATA[]]></system-out>
  <system-err><![CDATA[]]></system-err>
</testsuite>
