<?xml version="1.0" encoding="UTF-8"?>
<testsuite name="models.TabletopTest" tests="5" skipped="0" failures="0" errors="0" timestamp="2023-06-21T15:28:41" hostname="DESKTOP-DCCFRV4" time="0.004">
  <properties/>
  <testcase name="given_tabletop_when_locationInBounds_then_returnTrue()" classname="models.TabletopTest" time="0.0"/>
  <testcase name="given_tabletop_when_locationXTooSmall_then_returnFalse()" classname="models.TabletopTest" time="0.001"/>
  <testcase name="given_tabletop_when_locationYTooSmall_then_returnFalse()" classname="models.TabletopTest" time="0.0"/>
  <testcase name="given_tabletop_when_locationYTooBig_then_returnFalse()" classname="models.TabletopTest" time="0.0"/>
  <testcase name="given_tabletop_when_locationXTooBig_then_returnFalse()" classname="models.TabletopTest" time="0.001"/>
  <system-out><![CDATA[]]></system-out>
  <system-err><![CDATA[]]></system-err>
</testsuite>
