<?xml version="1.0" encoding="UTF-8"?>
<testsuite name="models.DirectionTest" tests="2" skipped="0" failures="0" errors="0" timestamp="2023-06-21T15:28:41" hostname="DESKTOP-DCCFRV4" time="0.007">
  <properties/>
  <testcase name="when_directionFromDegreesNotExists_then_getEmptyOptional()" classname="models.DirectionTest" time="0.003"/>
  <testcase name="when_directionFromDegreesExists_then_getEnum()" classname="models.DirectionTest" time="0.003"/>
  <system-out><![CDATA[]]></system-out>
  <system-err><![CDATA[]]></system-err>
</testsuite>
